{
  "uid" : "4e35ce653d99ace4",
  "name" : "verifyDeleteUserResponseStatusCode",
  "fullName" : "tests.users.UsersTest.verifyDeleteUserResponseStatusCode",
  "historyId" : "814759883b1de6f05cdafaf4029b94c1",
  "time" : {
    "start" : 1646340438670,
    "stop" : 1646340441859,
    "duration" : 3189
  },
  "status" : "failed",
  "statusMessage" : "The status code should be 200 expected [200] but found [404]",
  "statusTrace" : "java.lang.AssertionError: The status code should be 200 expected [200] but found [404]\n\tat org.testng.Assert.fail(Assert.java:99)\n\tat org.testng.Assert.failNotEquals(Assert.java:1037)\n\tat org.testng.Assert.assertEqualsImpl(Assert.java:140)\n\tat org.testng.Assert.assertEquals(Assert.java:122)\n\tat org.testng.Assert.assertEquals(Assert.java:907)\n\tat tests.users.UsersTest.verifyDeleteUserResponseStatusCode(UsersTest.java:98)\n\tat sun.reflect.NativeMethodAccessorImpl.invoke0(Native Method)\n\tat sun.reflect.NativeMethodAccessorImpl.invoke(NativeMethodAccessorImpl.java:62)\n\tat sun.reflect.DelegatingMethodAccessorImpl.invoke(DelegatingMethodAccessorImpl.java:43)\n\tat java.lang.reflect.Method.invoke(Method.java:498)\n\tat org.testng.internal.MethodInvocationHelper.invokeMethod(MethodInvocationHelper.java:132)\n\tat org.testng.internal.TestInvoker.invokeMethod(TestInvoker.java:599)\n\tat org.testng.internal.TestInvoker.invokeTestMethod(TestInvoker.java:174)\n\tat org.testng.internal.MethodRunner.runInSequence(MethodRunner.java:46)\n\tat org.testng.internal.TestInvoker$MethodInvocationAgent.invoke(TestInvoker.java:822)\n\tat org.testng.internal.TestInvoker.invokeTestMethods(TestInvoker.java:147)\n\tat org.testng.internal.TestMethodWorker.invokeTestMethods(TestMethodWorker.java:146)\n\tat org.testng.internal.TestMethodWorker.run(TestMethodWorker.java:128)\n\tat java.util.ArrayList.forEach(ArrayList.java:1259)\n\tat org.testng.TestRunner.privateRun(TestRunner.java:764)\n\tat org.testng.TestRunner.run(TestRunner.java:585)\n\tat org.testng.SuiteRunner.runTest(SuiteRunner.java:384)\n\tat org.testng.SuiteRunner.runSequentially(SuiteRunner.java:378)\n\tat org.testng.SuiteRunner.privateRun(SuiteRunner.java:337)\n\tat org.testng.SuiteRunner.run(SuiteRunner.java:286)\n\tat org.testng.SuiteRunnerWorker.runSuite(SuiteRunnerWorker.java:53)\n\tat org.testng.SuiteRunnerWorker.run(SuiteRunnerWorker.java:96)\n\tat org.testng.TestNG.runSuitesSequentially(TestNG.java:1218)\n\tat org.testng.TestNG.runSuitesLocally(TestNG.java:1140)\n\tat org.testng.TestNG.runSuites(TestNG.java:1069)\n\tat org.testng.TestNG.run(TestNG.java:1037)\n\tat org.apache.maven.surefire.testng.TestNGExecutor.run(TestNGExecutor.java:77)\n\tat org.apache.maven.surefire.testng.TestNGDirectoryTestSuite.executeMulti(TestNGDirectoryTestSuite.java:159)\n\tat org.apache.maven.surefire.testng.TestNGDirectoryTestSuite.execute(TestNGDirectoryTestSuite.java:99)\n\tat org.apache.maven.surefire.testng.TestNGProvider.invoke(TestNGProvider.java:106)\n\tat sun.reflect.NativeMethodAccessorImpl.invoke0(Native Method)\n\tat sun.reflect.NativeMethodAccessorImpl.invoke(NativeMethodAccessorImpl.java:62)\n\tat sun.reflect.DelegatingMethodAccessorImpl.invoke(DelegatingMethodAccessorImpl.java:43)\n\tat java.lang.reflect.Method.invoke(Method.java:498)\n\tat org.apache.maven.surefire.util.ReflectionUtils.invokeMethodWithArray(ReflectionUtils.java:189)\n\tat org.apache.maven.surefire.booter.ProviderFactory$ProviderProxy.invoke(ProviderFactory.java:165)\n\tat org.apache.maven.surefire.booter.ProviderFactory.invokeProvider(ProviderFactory.java:85)\n\tat org.apache.maven.surefire.booter.ForkedBooter.runSuitesInProcess(ForkedBooter.java:115)\n\tat org.apache.maven.surefire.booter.ForkedBooter.main(ForkedBooter.java:75)\n",
  "flaky" : false,
  "newFailed" : false,
  "beforeStages" : [ ],
  "testStage" : {
    "status" : "failed",
    "statusMessage" : "The status code should be 200 expected [200] but found [404]",
    "statusTrace" : "java.lang.AssertionError: The status code should be 200 expected [200] but found [404]\n\tat org.testng.Assert.fail(Assert.java:99)\n\tat org.testng.Assert.failNotEquals(Assert.java:1037)\n\tat org.testng.Assert.assertEqualsImpl(Assert.java:140)\n\tat org.testng.Assert.assertEquals(Assert.java:122)\n\tat org.testng.Assert.assertEquals(Assert.java:907)\n\tat tests.users.UsersTest.verifyDeleteUserResponseStatusCode(UsersTest.java:98)\n\tat sun.reflect.NativeMethodAccessorImpl.invoke0(Native Method)\n\tat sun.reflect.NativeMethodAccessorImpl.invoke(NativeMethodAccessorImpl.java:62)\n\tat sun.reflect.DelegatingMethodAccessorImpl.invoke(DelegatingMethodAccessorImpl.java:43)\n\tat java.lang.reflect.Method.invoke(Method.java:498)\n\tat org.testng.internal.MethodInvocationHelper.invokeMethod(MethodInvocationHelper.java:132)\n\tat org.testng.internal.TestInvoker.invokeMethod(TestInvoker.java:599)\n\tat org.testng.internal.TestInvoker.invokeTestMethod(TestInvoker.java:174)\n\tat org.testng.internal.MethodRunner.runInSequence(MethodRunner.java:46)\n\tat org.testng.internal.TestInvoker$MethodInvocationAgent.invoke(TestInvoker.java:822)\n\tat org.testng.internal.TestInvoker.invokeTestMethods(TestInvoker.java:147)\n\tat org.testng.internal.TestMethodWorker.invokeTestMethods(TestMethodWorker.java:146)\n\tat org.testng.internal.TestMethodWorker.run(TestMethodWorker.java:128)\n\tat java.util.ArrayList.forEach(ArrayList.java:1259)\n\tat org.testng.TestRunner.privateRun(TestRunner.java:764)\n\tat org.testng.TestRunner.run(TestRunner.java:585)\n\tat org.testng.SuiteRunner.runTest(SuiteRunner.java:384)\n\tat org.testng.SuiteRunner.runSequentially(SuiteRunner.java:378)\n\tat org.testng.SuiteRunner.privateRun(SuiteRunner.java:337)\n\tat org.testng.SuiteRunner.run(SuiteRunner.java:286)\n\tat org.testng.SuiteRunnerWorker.runSuite(SuiteRunnerWorker.java:53)\n\tat org.testng.SuiteRunnerWorker.run(SuiteRunnerWorker.java:96)\n\tat org.testng.TestNG.runSuitesSequentially(TestNG.java:1218)\n\tat org.testng.TestNG.runSuitesLocally(TestNG.java:1140)\n\tat org.testng.TestNG.runSuites(TestNG.java:1069)\n\tat org.testng.TestNG.run(TestNG.java:1037)\n\tat org.apache.maven.surefire.testng.TestNGExecutor.run(TestNGExecutor.java:77)\n\tat org.apache.maven.surefire.testng.TestNGDirectoryTestSuite.executeMulti(TestNGDirectoryTestSuite.java:159)\n\tat org.apache.maven.surefire.testng.TestNGDirectoryTestSuite.execute(TestNGDirectoryTestSuite.java:99)\n\tat org.apache.maven.surefire.testng.TestNGProvider.invoke(TestNGProvider.java:106)\n\tat sun.reflect.NativeMethodAccessorImpl.invoke0(Native Method)\n\tat sun.reflect.NativeMethodAccessorImpl.invoke(NativeMethodAccessorImpl.java:62)\n\tat sun.reflect.DelegatingMethodAccessorImpl.invoke(DelegatingMethodAccessorImpl.java:43)\n\tat java.lang.reflect.Method.invoke(Method.java:498)\n\tat org.apache.maven.surefire.util.ReflectionUtils.invokeMethodWithArray(ReflectionUtils.java:189)\n\tat org.apache.maven.surefire.booter.ProviderFactory$ProviderProxy.invoke(ProviderFactory.java:165)\n\tat org.apache.maven.surefire.booter.ProviderFactory.invokeProvider(ProviderFactory.java:85)\n\tat org.apache.maven.surefire.booter.ForkedBooter.runSuitesInProcess(ForkedBooter.java:115)\n\tat org.apache.maven.surefire.booter.ForkedBooter.main(ForkedBooter.java:75)\n",
    "steps" : [ ],
    "attachments" : [ {
      "uid" : "d9c6fb7c74367c9b",
      "name" : "Request",
      "source" : "d9c6fb7c74367c9b.html",
      "type" : "text/html",
      "size" : 1027
    }, {
      "uid" : "aa7b0c258d87cc12",
      "name" : "HTTP/1.1 201 Created",
      "source" : "aa7b0c258d87cc12.html",
      "type" : "text/html",
      "size" : 2049
    }, {
      "uid" : "73c981ba9dfa92a2",
      "name" : "Request",
      "source" : "73c981ba9dfa92a2.html",
      "type" : "text/html",
      "size" : 1319
    }, {
      "uid" : "bacb776f1d76baf8",
      "name" : "HTTP/1.1 404 Not Found",
      "source" : "bacb776f1d76baf8.html",
      "type" : "text/html",
      "size" : 429
    } ],
    "parameters" : [ ],
    "stepsCount" : 0,
    "attachmentsCount" : 4,
    "shouldDisplayMessage" : true,
    "hasContent" : true
  },
  "afterStages" : [ ],
  "labels" : [ {
    "name" : "package",
    "value" : "tests.users.UsersTest"
  }, {
    "name" : "testClass",
    "value" : "tests.users.UsersTest"
  }, {
    "name" : "testMethod",
    "value" : "verifyDeleteUserResponseStatusCode"
  }, {
    "name" : "parentSuite",
    "value" : "Command line suite"
  }, {
    "name" : "suite",
    "value" : "Command line test"
  }, {
    "name" : "subSuite",
    "value" : "tests.users.UsersTest"
  }, {
    "name" : "host",
    "value" : "fv-az198-498"
  }, {
    "name" : "thread",
    "value" : "2179@fv-az198-498.main(1)"
  }, {
    "name" : "framework",
    "value" : "testng"
  }, {
    "name" : "language",
    "value" : "java"
  }, {
    "name" : "resultFormat",
    "value" : "allure2"
  } ],
  "parameters" : [ ],
  "links" : [ ],
  "hidden" : false,
  "retry" : false,
  "extra" : {
    "severity" : "normal",
    "retries" : [ ],
    "categories" : [ {
      "name" : "Product defects",
      "matchedStatuses" : [ ],
      "flaky" : false
    } ],
    "history" : {
      "statistic" : {
        "failed" : 6,
        "broken" : 0,
        "skipped" : 0,
        "passed" : 0,
        "unknown" : 0,
        "total" : 6
      },
      "items" : [ {
        "uid" : "2083a66c71f99d2",
        "reportUrl" : "https://abdoMohamed2022.github.io/gateway-new-apis/5//#testresult/2083a66c71f99d2",
        "status" : "failed",
        "statusDetails" : "The status code should be 200 expected [200] but found [404]",
        "time" : {
          "start" : 1646339949086,
          "stop" : 1646339951676,
          "duration" : 2590
        }
      }, {
        "uid" : "a708ed00d133ffc8",
        "reportUrl" : "https://abdoMohamed2022.github.io/gateway-new-apis/4//#testresult/a708ed00d133ffc8",
        "status" : "failed",
        "statusDetails" : "The status code should be 200 expected [200] but found [404]",
        "time" : {
          "start" : 1646339409978,
          "stop" : 1646339412957,
          "duration" : 2979
        }
      }, {
        "uid" : "b7ff3bb7baa28506",
        "reportUrl" : "https://abdoMohamed2022.github.io/gateway-new-apis/3//#testresult/b7ff3bb7baa28506",
        "status" : "failed",
        "statusDetails" : "The status code should be 200 expected [200] but found [404]",
        "time" : {
          "start" : 1646338848149,
          "stop" : 1646338850979,
          "duration" : 2830
        }
      }, {
        "uid" : "f3d08c86eaa23747",
        "reportUrl" : "https://abdoMohamed2022.github.io/gateway-new-apis/2//#testresult/f3d08c86eaa23747",
        "status" : "failed",
        "statusDetails" : "The status code should be 200 expected [200] but found [404]",
        "time" : {
          "start" : 1646338671719,
          "stop" : 1646338674210,
          "duration" : 2491
        }
      }, {
        "uid" : "9acd461a82b759ba",
        "reportUrl" : "https://abdoMohamed2022.github.io/gateway-new-apis/1//#testresult/9acd461a82b759ba",
        "status" : "failed",
        "statusDetails" : "The status code should be 200 expected [200] but found [404]",
        "time" : {
          "start" : 1646338470170,
          "stop" : 1646338473335,
          "duration" : 3165
        }
      } ]
    },
    "tags" : [ ]
  },
  "source" : "4e35ce653d99ace4.json",
  "parameterValues" : [ ]
}